        -:    0:Source:C:/Users/Aaron/CLionProjects/SolidBankCLI/src/bank.cpp
        -:    0:Graph:C:\Users\Aaron\CLionProjects\SolidBankCLI\cmake-build-debug\CMakeFiles\SolidBankTests.dir\src\bank.cpp.gcno
        -:    0:Data:C:\Users\Aaron\CLionProjects\SolidBankCLI\cmake-build-debug\CMakeFiles\SolidBankTests.dir\src\bank.cpp.gcda
        -:    0:Runs:1
        -:    1:#include "bank.h"
        -:    2:
function _ZN4BankC2Ev called 1 returned 100% blocks executed 100%
        1:    3:Bank::Bank() : balance(0) {}
function _ZNK4Bank10getBalanceEv called 1 returned 100% blocks executed 100%
        1:    4:int Bank::getBalance() const { return balance; }
        1:    4-block  0
