        -:    0:Source:C:/Users/Aaron/AppData/Local/Programs/CLion/bin/mingw/lib/gcc/x86_64-w64-mingw32/13.1.0/include/c++/bits/stl_construct.h
        -:    0:Graph:C:\Users\Aaron\CLionProjects\SolidBankCLI\cmake-build-debug\_deps\catch2-build\src\CMakeFiles\Catch2.dir\catch2\catch_session.cpp.gcno
        -:    0:Data:C:\Users\Aaron\CLionProjects\SolidBankCLI\cmake-build-debug\_deps\catch2-build\src\CMakeFiles\Catch2.dir\catch2\catch_session.cpp.gcda
        -:    0:Runs:1
        -:    1:// nonstandard construct and destroy functions -*- C++ -*-
        -:    2:
        -:    3:// Copyright (C) 2001-2023 Free Software Foundation, Inc.
        -:    4://
        -:    5:// This file is part of the GNU ISO C++ Library.  This library is free
        -:    6:// software; you can redistribute it and/or modify it under the
        -:    7:// terms of the GNU General Public License as published by the
        -:    8:// Free Software Foundation; either version 3, or (at your option)
        -:    9:// any later version.
        -:   10:
        -:   11:// This library is distributed in the hope that it will be useful,
        -:   12:// but WITHOUT ANY WARRANTY; without even the implied warranty of
        -:   13:// MERCHANTABILITY or FITNESS FOR A PARTICULAR PURPOSE.  See the
        -:   14:// GNU General Public License for more details.
        -:   15:
        -:   16:// Under Section 7 of GPL version 3, you are granted additional
        -:   17:// permissions described in the GCC Runtime Library Exception, version
        -:   18:// 3.1, as published by the Free Software Foundation.
        -:   19:
        -:   20:// You should have received a copy of the GNU General Public License and
        -:   21:// a copy of the GCC Runtime Library Exception along with this program;
        -:   22:// see the files COPYING3 and COPYING.RUNTIME respectively.  If not, see
        -:   23:// <http://www.gnu.org/licenses/>.
        -:   24:
        -:   25:/*
        -:   26: *
        -:   27: * Copyright (c) 1994
        -:   28: * Hewlett-Packard Company
        -:   29: *
        -:   30: * Permission to use, copy, modify, distribute and sell this software
        -:   31: * and its documentation for any purpose is hereby granted without fee,
        -:   32: * provided that the above copyright notice appear in all copies and
        -:   33: * that both that copyright notice and this permission notice appear
        -:   34: * in supporting documentation.  Hewlett-Packard Company makes no
        -:   35: * representations about the suitability of this software for any
        -:   36: * purpose.  It is provided "as is" without express or implied warranty.
        -:   37: *
        -:   38: *
        -:   39: * Copyright (c) 1996,1997
        -:   40: * Silicon Graphics Computer Systems, Inc.
        -:   41: *
        -:   42: * Permission to use, copy, modify, distribute and sell this software
        -:   43: * and its documentation for any purpose is hereby granted without fee,
        -:   44: * provided that the above copyright notice appear in all copies and
        -:   45: * that both that copyright notice and this permission notice appear
        -:   46: * in supporting documentation.  Silicon Graphics makes no
        -:   47: * representations about the suitability of this software for any
        -:   48: * purpose.  It is provided "as is" without express or implied warranty.
        -:   49: */
        -:   50:
        -:   51:/** @file bits/stl_construct.h
        -:   52: *  This is an internal header file, included by other library headers.
        -:   53: *  Do not attempt to use it directly. @headername{memory}
        -:   54: */
        -:   55:
        -:   56:#ifndef _STL_CONSTRUCT_H
        -:   57:#define _STL_CONSTRUCT_H 1
        -:   58:
        -:   59:#include <new>
        -:   60:#include <bits/move.h>
        -:   61:#include <bits/stl_iterator_base_types.h> // for iterator_traits
        -:   62:#include <bits/stl_iterator_base_funcs.h> // for advance
        -:   63:
        -:   64:/* This file provides the C++17 functions std::destroy_at, std::destroy, and
        -:   65: * std::destroy_n, and the C++20 function std::construct_at.
        -:   66: * It also provides std::_Construct, std::_Destroy,and std::_Destroy_n functions
        -:   67: * which are defined in all standard modes and so can be used in C++98-14 code.
        -:   68: * The _Destroy functions will dispatch to destroy_at during constant
        -:   69: * evaluation, because calls to that function are intercepted by the compiler
        -:   70: * to allow use in constant expressions.
        -:   71: */
        -:   72:
        -:   73:namespace std _GLIBCXX_VISIBILITY(default)
        -:   74:{
        -:   75:_GLIBCXX_BEGIN_NAMESPACE_VERSION
        -:   76:
        -:   77:#if __cplusplus >= 201703L
        -:   78:  template <typename _Tp>
        -:   79:    _GLIBCXX20_CONSTEXPR inline void
    4681*:   80:    destroy_at(_Tp* __location)
        -:   81:    {
        -:   82:      if constexpr (__cplusplus > 201703L && is_array_v<_Tp>)
        -:   83:	{
        -:   84:	  for (auto& __x : *__location)
        -:   85:	    std::destroy_at(std::__addressof(__x));
        -:   86:	}
        -:   87:      else
    4681*:   88:	__location->~_Tp();
    4681*:   89:    }
------------------
_ZSt10destroy_atIN5Catch5Clara6Detail5TokenEEvPT_:
function _ZSt10destroy_atIN5Catch5Clara6Detail5TokenEEvPT_ called 302 returned 100% blocks executed 100%
      302:   80:    destroy_at(_Tp* __location)
        -:   81:    {
        -:   82:      if constexpr (__cplusplus > 201703L && is_array_v<_Tp>)
        -:   83:	{
        -:   84:	  for (auto& __x : *__location)
        -:   85:	    std::destroy_at(std::__addressof(__x));
        -:   86:	}
        -:   87:      else
      302:   88:	__location->~_Tp();
      302:   88-block  0
call    0 returned 302
      302:   89:    }
------------------
_ZSt10destroy_atIN5Catch6Detail10unique_ptrINS0_14IEventListenerEEEEvPT_:
function _ZSt10destroy_atIN5Catch6Detail10unique_ptrINS0_14IEventListenerEEEEvPT_ called 0 returned 0% blocks executed 0%
    #####:   80:    destroy_at(_Tp* __location)
        -:   81:    {
        -:   82:      if constexpr (__cplusplus > 201703L && is_array_v<_Tp>)
        -:   83:	{
        -:   84:	  for (auto& __x : *__location)
        -:   85:	    std::destroy_at(std::__addressof(__x));
        -:   86:	}
        -:   87:      else
    #####:   88:	__location->~_Tp();
    %%%%%:   88-block  0
call    0 never executed
    #####:   89:    }
------------------
_ZSt10destroy_atIN5Catch12ReporterSpecEEvPT_:
function _ZSt10destroy_atIN5Catch12ReporterSpecEEvPT_ called 2 returned 100% blocks executed 100%
        2:   80:    destroy_at(_Tp* __location)
        -:   81:    {
        -:   82:      if constexpr (__cplusplus > 201703L && is_array_v<_Tp>)
        -:   83:	{
        -:   84:	  for (auto& __x : *__location)
        -:   85:	    std::destroy_at(std::__addressof(__x));
        -:   86:	}
        -:   87:      else
        2:   88:	__location->~_Tp();
        2:   88-block  0
call    0 returned 2
        2:   89:    }
------------------
_ZSt10destroy_atIN5Catch8TestSpec11FilterMatchEEvPT_:
function _ZSt10destroy_atIN5Catch8TestSpec11FilterMatchEEvPT_ called 1 returned 100% blocks executed 100%
        1:   80:    destroy_at(_Tp* __location)
        -:   81:    {
        -:   82:      if constexpr (__cplusplus > 201703L && is_array_v<_Tp>)
        -:   83:	{
        -:   84:	  for (auto& __x : *__location)
        -:   85:	    std::destroy_at(std::__addressof(__x));
        -:   86:	}
        -:   87:      else
        1:   88:	__location->~_Tp();
        1:   88-block  0
call    0 returned 1
        1:   89:    }
------------------
_ZSt10destroy_atIPKN5Catch14TestCaseHandleEEvPT_:
function _ZSt10destroy_atIPKN5Catch14TestCaseHandleEEvPT_ called 2 returned 100% blocks executed 100%
        2:   80:    destroy_at(_Tp* __location)
        -:   81:    {
        -:   82:      if constexpr (__cplusplus > 201703L && is_array_v<_Tp>)
        -:   83:	{
        -:   84:	  for (auto& __x : *__location)
        -:   85:	    std::destroy_at(std::__addressof(__x));
        -:   86:	}
        -:   87:      else
        2:   88:	__location->~_Tp();
        2:   89:    }
------------------
_ZSt10destroy_atISt4pairIKNSt7__cxx1112basic_stringIcSt11char_traitsIcESaIcEEES6_EEvPT_:
function _ZSt10destroy_atISt4pairIKNSt7__cxx1112basic_stringIcSt11char_traitsIcESaIcEEES6_EEvPT_ called 0 returned 0% blocks executed 0%
    #####:   80:    destroy_at(_Tp* __location)
        -:   81:    {
        -:   82:      if constexpr (__cplusplus > 201703L && is_array_v<_Tp>)
        -:   83:	{
        -:   84:	  for (auto& __x : *__location)
        -:   85:	    std::destroy_at(std::__addressof(__x));
        -:   86:	}
        -:   87:      else
    #####:   88:	__location->~_Tp();
    %%%%%:   88-block  0
call    0 never executed
    #####:   89:    }
------------------
_ZSt10destroy_atIN5Catch5Clara3OptEEvPT_:
function _ZSt10destroy_atIN5Catch5Clara3OptEEvPT_ called 1925 returned 100% blocks executed 100%
     1925:   80:    destroy_at(_Tp* __location)
        -:   81:    {
        -:   82:      if constexpr (__cplusplus > 201703L && is_array_v<_Tp>)
        -:   83:	{
        -:   84:	  for (auto& __x : *__location)
        -:   85:	    std::destroy_at(std::__addressof(__x));
        -:   86:	}
        -:   87:      else
     1925:   88:	__location->~_Tp();
     1925:   88-block  0
call    0 returned 1925
     1925:   89:    }
------------------
_ZSt10destroy_atIN5Catch5Clara3ArgEEvPT_:
function _ZSt10destroy_atIN5Catch5Clara3ArgEEvPT_ called 2 returned 100% blocks executed 100%
        2:   80:    destroy_at(_Tp* __location)
        -:   81:    {
        -:   82:      if constexpr (__cplusplus > 201703L && is_array_v<_Tp>)
        -:   83:	{
        -:   84:	  for (auto& __x : *__location)
        -:   85:	    std::destroy_at(std::__addressof(__x));
        -:   86:	}
        -:   87:      else
        2:   88:	__location->~_Tp();
        2:   88-block  0
call    0 returned 2
        2:   89:    }
------------------
_ZSt10destroy_atINSt7__cxx1112basic_stringIcSt11char_traitsIcESaIcEEEEvPT_:
function _ZSt10destroy_atINSt7__cxx1112basic_stringIcSt11char_traitsIcESaIcEEEEvPT_ called 2447 returned 100% blocks executed 100%
     2447:   80:    destroy_at(_Tp* __location)
        -:   81:    {
        -:   82:      if constexpr (__cplusplus > 201703L && is_array_v<_Tp>)
        -:   83:	{
        -:   84:	  for (auto& __x : *__location)
        -:   85:	    std::destroy_at(std::__addressof(__x));
        -:   86:	}
        -:   87:      else
     2447:   88:	__location->~_Tp();
     2447:   88-block  0
call    0 returned 2447
     2447:   89:    }
------------------
        -:   90:
        -:   91:#if __cplusplus >= 202002L
        -:   92:  template<typename _Tp, typename... _Args>
        -:   93:    constexpr auto
      98*:   94:    construct_at(_Tp* __location, _Args&&... __args)
        -:   95:    noexcept(noexcept(::new((void*)0) _Tp(std::declval<_Args>()...)))
        -:   96:    -> decltype(::new((void*)0) _Tp(std::declval<_Args>()...))
      98*:   97:    { return ::new((void*)__location) _Tp(std::forward<_Args>(__args)...); }
------------------
_ZSt12construct_atISt4pairIKNSt7__cxx1112basic_stringIcSt11char_traitsIcESaIcEEES6_EJRKS8_EEDTgsnwcvPvLi0E_T_pispcl7declvalIT0_EEEEPSC_DpOSD_:
function _ZSt12construct_atISt4pairIKNSt7__cxx1112basic_stringIcSt11char_traitsIcESaIcEEES6_EJRKS8_EEDTgsnwcvPvLi0E_T_pispcl7declvalIT0_EEEEPSC_DpOSD_ called 0 returned 0% blocks executed 0%
    #####:   94:    construct_at(_Tp* __location, _Args&&... __args)
        -:   95:    noexcept(noexcept(::new((void*)0) _Tp(std::declval<_Args>()...)))
        -:   96:    -> decltype(::new((void*)0) _Tp(std::declval<_Args>()...))
    #####:   97:    { return ::new((void*)__location) _Tp(std::forward<_Args>(__args)...); }
    %%%%%:   97-block  0
call    0 never executed
call    1 never executed
call    2 never executed
branch  3 never executed (fallthrough)
branch  4 never executed (throw)
    %%%%%:   97-block  1
    %%%%%:   97-block  2
    $$$$$:   97-block  3
branch  5 never executed (fallthrough)
branch  6 never executed
    $$$$$:   97-block  4
call    7 never executed
------------------
_ZSt12construct_atIPKN5Catch14TestCaseHandleEJRKS3_EEDTgsnwcvPvLi0E_T_pispcl7declvalIT0_EEEEPS7_DpOS8_:
function _ZSt12construct_atIPKN5Catch14TestCaseHandleEJRKS3_EEDTgsnwcvPvLi0E_T_pispcl7declvalIT0_EEEEPS7_DpOS8_ called 2 returned 100% blocks executed 100%
        2:   94:    construct_at(_Tp* __location, _Args&&... __args)
        -:   95:    noexcept(noexcept(::new((void*)0) _Tp(std::declval<_Args>()...)))
        -:   96:    -> decltype(::new((void*)0) _Tp(std::declval<_Args>()...))
        2:   97:    { return ::new((void*)__location) _Tp(std::forward<_Args>(__args)...); }
        2:   97-block  0
call    0 returned 2
call    1 returned 2
------------------
_ZSt12construct_atIPKN5Catch14TestCaseHandleEJS3_EEDTgsnwcvPvLi0E_T_pispcl7declvalIT0_EEEEPS5_DpOS6_:
function _ZSt12construct_atIPKN5Catch14TestCaseHandleEJS3_EEDTgsnwcvPvLi0E_T_pispcl7declvalIT0_EEEEPS5_DpOS6_ called 1 returned 100% blocks executed 100%
        1:   94:    construct_at(_Tp* __location, _Args&&... __args)
        -:   95:    noexcept(noexcept(::new((void*)0) _Tp(std::declval<_Args>()...)))
        -:   96:    -> decltype(::new((void*)0) _Tp(std::declval<_Args>()...))
        1:   97:    { return ::new((void*)__location) _Tp(std::forward<_Args>(__args)...); }
        1:   97-block  0
call    0 returned 1
call    1 returned 1
------------------
_ZSt12construct_atIN5Catch12ReporterSpecEJRKS1_EEDTgsnwcvPvLi0E_T_pispcl7declvalIT0_EEEEPS5_DpOS6_:
function _ZSt12construct_atIN5Catch12ReporterSpecEJRKS1_EEDTgsnwcvPvLi0E_T_pispcl7declvalIT0_EEEEPS5_DpOS6_ called 0 returned 0% blocks executed 0%
    #####:   94:    construct_at(_Tp* __location, _Args&&... __args)
        -:   95:    noexcept(noexcept(::new((void*)0) _Tp(std::declval<_Args>()...)))
        -:   96:    -> decltype(::new((void*)0) _Tp(std::declval<_Args>()...))
    #####:   97:    { return ::new((void*)__location) _Tp(std::forward<_Args>(__args)...); }
    %%%%%:   97-block  0
call    0 never executed
call    1 never executed
call    2 never executed
branch  3 never executed (fallthrough)
branch  4 never executed (throw)
    %%%%%:   97-block  1
    %%%%%:   97-block  2
    $$$$$:   97-block  3
branch  5 never executed (fallthrough)
branch  6 never executed
    $$$$$:   97-block  4
call    7 never executed
------------------
_ZSt12construct_atIN5Catch5Clara3ArgEJRS2_EEDTgsnwcvPvLi0E_T_pispcl7declvalIT0_EEEEPS5_DpOS6_:
function _ZSt12construct_atIN5Catch5Clara3ArgEJRS2_EEDTgsnwcvPvLi0E_T_pispcl7declvalIT0_EEEEPS5_DpOS6_ called 0 returned 0% blocks executed 0%
    #####:   94:    construct_at(_Tp* __location, _Args&&... __args)
        -:   95:    noexcept(noexcept(::new((void*)0) _Tp(std::declval<_Args>()...)))
        -:   96:    -> decltype(::new((void*)0) _Tp(std::declval<_Args>()...))
    #####:   97:    { return ::new((void*)__location) _Tp(std::forward<_Args>(__args)...); }
    %%%%%:   97-block  0
call    0 never executed
call    1 never executed
call    2 never executed
branch  3 never executed (fallthrough)
branch  4 never executed (throw)
    %%%%%:   97-block  1
    %%%%%:   97-block  2
    $$$$$:   97-block  3
branch  5 never executed (fallthrough)
branch  6 never executed
    $$$$$:   97-block  4
call    7 never executed
------------------
_ZSt12construct_atIN5Catch5Clara3OptEJRS2_EEDTgsnwcvPvLi0E_T_pispcl7declvalIT0_EEEEPS5_DpOS6_:
function _ZSt12construct_atIN5Catch5Clara3OptEJRS2_EEDTgsnwcvPvLi0E_T_pispcl7declvalIT0_EEEEPS5_DpOS6_ called 0 returned 0% blocks executed 0%
    #####:   94:    construct_at(_Tp* __location, _Args&&... __args)
        -:   95:    noexcept(noexcept(::new((void*)0) _Tp(std::declval<_Args>()...)))
        -:   96:    -> decltype(::new((void*)0) _Tp(std::declval<_Args>()...))
    #####:   97:    { return ::new((void*)__location) _Tp(std::forward<_Args>(__args)...); }
    %%%%%:   97-block  0
call    0 never executed
call    1 never executed
call    2 never executed
branch  3 never executed (fallthrough)
branch  4 never executed (throw)
    %%%%%:   97-block  1
    %%%%%:   97-block  2
    $$$$$:   97-block  3
branch  5 never executed (fallthrough)
branch  6 never executed
    $$$$$:   97-block  4
call    7 never executed
------------------
_ZSt12construct_atINSt7__cxx1112basic_stringIcSt11char_traitsIcESaIcEEEJRS5_EEDTgsnwcvPvLi0E_T_pispcl7declvalIT0_EEEEPS8_DpOS9_:
function _ZSt12construct_atINSt7__cxx1112basic_stringIcSt11char_traitsIcESaIcEEEJRS5_EEDTgsnwcvPvLi0E_T_pispcl7declvalIT0_EEEEPS8_DpOS9_ called 0 returned 0% blocks executed 0%
    #####:   94:    construct_at(_Tp* __location, _Args&&... __args)
        -:   95:    noexcept(noexcept(::new((void*)0) _Tp(std::declval<_Args>()...)))
        -:   96:    -> decltype(::new((void*)0) _Tp(std::declval<_Args>()...))
    #####:   97:    { return ::new((void*)__location) _Tp(std::forward<_Args>(__args)...); }
    %%%%%:   97-block  0
call    0 never executed
call    1 never executed
call    2 never executed
branch  3 never executed (fallthrough)
branch  4 never executed (throw)
    %%%%%:   97-block  1
    %%%%%:   97-block  2
    $$$$$:   97-block  3
branch  5 never executed (fallthrough)
branch  6 never executed
    $$$$$:   97-block  4
call    7 never executed
------------------
_ZSt12construct_atIN5Catch12ReporterSpecEJRS1_EEDTgsnwcvPvLi0E_T_pispcl7declvalIT0_EEEEPS4_DpOS5_:
function _ZSt12construct_atIN5Catch12ReporterSpecEJRS1_EEDTgsnwcvPvLi0E_T_pispcl7declvalIT0_EEEEPS4_DpOS5_ called 0 returned 0% blocks executed 0%
    #####:   94:    construct_at(_Tp* __location, _Args&&... __args)
        -:   95:    noexcept(noexcept(::new((void*)0) _Tp(std::declval<_Args>()...)))
        -:   96:    -> decltype(::new((void*)0) _Tp(std::declval<_Args>()...))
    #####:   97:    { return ::new((void*)__location) _Tp(std::forward<_Args>(__args)...); }
    %%%%%:   97-block  0
call    0 never executed
call    1 never executed
call    2 never executed
branch  3 never executed (fallthrough)
branch  4 never executed (throw)
    %%%%%:   97-block  1
    %%%%%:   97-block  2
    $$$$$:   97-block  3
branch  5 never executed (fallthrough)
branch  6 never executed
    $$$$$:   97-block  4
call    7 never executed
------------------
_ZSt12construct_atIN5Catch5Clara3OptEJRKS2_EEDTgsnwcvPvLi0E_T_pispcl7declvalIT0_EEEEPS6_DpOS7_:
function _ZSt12construct_atIN5Catch5Clara3OptEJRKS2_EEDTgsnwcvPvLi0E_T_pispcl7declvalIT0_EEEEPS6_DpOS7_ called 35 returned 100% blocks executed 75%
       35:   94:    construct_at(_Tp* __location, _Args&&... __args)
        -:   95:    noexcept(noexcept(::new((void*)0) _Tp(std::declval<_Args>()...)))
        -:   96:    -> decltype(::new((void*)0) _Tp(std::declval<_Args>()...))
       35:   97:    { return ::new((void*)__location) _Tp(std::forward<_Args>(__args)...); }
       35:   97-block  0
call    0 returned 35
call    1 returned 35
call    2 returned 35
branch  3 taken 35 (fallthrough)
branch  4 taken 0 (throw)
       35:   97-block  1
       35:   97-block  2
    $$$$$:   97-block  3
branch  5 never executed (fallthrough)
branch  6 never executed
    $$$$$:   97-block  4
call    7 never executed
------------------
_ZSt12construct_atIN5Catch5Clara3ArgEJRKS2_EEDTgsnwcvPvLi0E_T_pispcl7declvalIT0_EEEEPS6_DpOS7_:
function _ZSt12construct_atIN5Catch5Clara3ArgEJRKS2_EEDTgsnwcvPvLi0E_T_pispcl7declvalIT0_EEEEPS6_DpOS7_ called 1 returned 100% blocks executed 75%
        1:   94:    construct_at(_Tp* __location, _Args&&... __args)
        -:   95:    noexcept(noexcept(::new((void*)0) _Tp(std::declval<_Args>()...)))
        -:   96:    -> decltype(::new((void*)0) _Tp(std::declval<_Args>()...))
        1:   97:    { return ::new((void*)__location) _Tp(std::forward<_Args>(__args)...); }
        1:   97-block  0
call    0 returned 1
call    1 returned 1
call    2 returned 1
branch  3 taken 1 (fallthrough)
branch  4 taken 0 (throw)
        1:   97-block  1
        1:   97-block  2
    $$$$$:   97-block  3
branch  5 never executed (fallthrough)
branch  6 never executed
    $$$$$:   97-block  4
call    7 never executed
------------------
_ZSt12construct_atINSt7__cxx1112basic_stringIcSt11char_traitsIcESaIcEEEJRKS5_EEDTgsnwcvPvLi0E_T_pispcl7declvalIT0_EEEEPS9_DpOSA_:
function _ZSt12construct_atINSt7__cxx1112basic_stringIcSt11char_traitsIcESaIcEEEJRKS5_EEDTgsnwcvPvLi0E_T_pispcl7declvalIT0_EEEEPS9_DpOSA_ called 59 returned 100% blocks executed 75%
       59:   94:    construct_at(_Tp* __location, _Args&&... __args)
        -:   95:    noexcept(noexcept(::new((void*)0) _Tp(std::declval<_Args>()...)))
        -:   96:    -> decltype(::new((void*)0) _Tp(std::declval<_Args>()...))
       59:   97:    { return ::new((void*)__location) _Tp(std::forward<_Args>(__args)...); }
       59:   97-block  0
call    0 returned 59
call    1 returned 59
call    2 returned 59
branch  3 taken 59 (fallthrough)
branch  4 taken 0 (throw)
       59:   97-block  1
       59:   97-block  2
    $$$$$:   97-block  3
branch  5 never executed (fallthrough)
branch  6 never executed
    $$$$$:   97-block  4
call    7 never executed
------------------
_ZSt12construct_atIcJRKcEEDTgsnwcvPvLi0E_T_pispcl7declvalIT0_EEEEPS3_DpOS4_:
function _ZSt12construct_atIcJRKcEEDTgsnwcvPvLi0E_T_pispcl7declvalIT0_EEEEPS3_DpOS4_ called 0 returned 0% blocks executed 0%
    #####:   94:    construct_at(_Tp* __location, _Args&&... __args)
        -:   95:    noexcept(noexcept(::new((void*)0) _Tp(std::declval<_Args>()...)))
        -:   96:    -> decltype(::new((void*)0) _Tp(std::declval<_Args>()...))
    #####:   97:    { return ::new((void*)__location) _Tp(std::forward<_Args>(__args)...); }
    %%%%%:   97-block  0
call    0 never executed
call    1 never executed
------------------
        -:   98:#endif // C++20
        -:   99:#endif// C++17
        -:  100:
        -:  101:  /**
        -:  102:   * Constructs an object in existing memory by invoking an allocated
        -:  103:   * object's constructor with an initializer.
        -:  104:   */
        -:  105:#if __cplusplus >= 201103L
        -:  106:  template<typename _Tp, typename... _Args>
        -:  107:    _GLIBCXX20_CONSTEXPR
        -:  108:    inline void
    3652*:  109:    _Construct(_Tp* __p, _Args&&... __args)
        -:  110:    {
        -:  111:#if __cplusplus >= 202002L
    3652*:  112:      if (std::__is_constant_evaluated())
        -:  113:	{
        -:  114:	  // Allow std::_Construct to be used in constant expressions.
    #####:  115:	  std::construct_at(__p, std::forward<_Args>(__args)...);
    #####:  116:	  return;
        -:  117:	}
        -:  118:#endif
    3652*:  119:      ::new((void*)__p) _Tp(std::forward<_Args>(__args)...);
        -:  120:    }
------------------
_ZSt10_ConstructIN5Catch5Clara3ArgEJRKS2_EEvPT_DpOT0_:
function _ZSt10_ConstructIN5Catch5Clara3ArgEJRKS2_EEvPT_DpOT0_ called 1 returned 100% blocks executed 62%
        1:  109:    _Construct(_Tp* __p, _Args&&... __args)
        -:  110:    {
        -:  111:#if __cplusplus >= 202002L
        1:  112:      if (std::__is_constant_evaluated())
        1:  112-block  0
call    0 returned 1
branch  1 taken 0 (fallthrough)
branch  2 taken 1
        -:  113:	{
        -:  114:	  // Allow std::_Construct to be used in constant expressions.
    #####:  115:	  std::construct_at(__p, std::forward<_Args>(__args)...);
    %%%%%:  115-block  0
call    0 never executed
call    1 never executed
    #####:  116:	  return;
        -:  117:	}
        -:  118:#endif
        1:  119:      ::new((void*)__p) _Tp(std::forward<_Args>(__args)...);
        1:  119-block  0
call    0 returned 1
call    1 returned 1
call    2 returned 1
branch  3 taken 1 (fallthrough)
branch  4 taken 0 (throw)
        1:  119-block  1
    $$$$$:  119-block  2
branch  5 never executed (fallthrough)
branch  6 never executed
    $$$$$:  119-block  3
call    7 never executed
        -:  120:    }
------------------
_ZSt10_ConstructIN5Catch5Clara3OptEJRKS2_EEvPT_DpOT0_:
function _ZSt10_ConstructIN5Catch5Clara3OptEJRKS2_EEvPT_DpOT0_ called 1295 returned 100% blocks executed 62%
     1295:  109:    _Construct(_Tp* __p, _Args&&... __args)
        -:  110:    {
        -:  111:#if __cplusplus >= 202002L
     1295:  112:      if (std::__is_constant_evaluated())
     1295:  112-block  0
call    0 returned 1295
branch  1 taken 0 (fallthrough)
branch  2 taken 1295
        -:  113:	{
        -:  114:	  // Allow std::_Construct to be used in constant expressions.
    #####:  115:	  std::construct_at(__p, std::forward<_Args>(__args)...);
    %%%%%:  115-block  0
call    0 never executed
call    1 never executed
    #####:  116:	  return;
        -:  117:	}
        -:  118:#endif
     1295:  119:      ::new((void*)__p) _Tp(std::forward<_Args>(__args)...);
     1295:  119-block  0
call    0 returned 1295
call    1 returned 1295
call    2 returned 1295
branch  3 taken 1295 (fallthrough)
branch  4 taken 0 (throw)
     1295:  119-block  1
    $$$$$:  119-block  2
branch  5 never executed (fallthrough)
branch  6 never executed
    $$$$$:  119-block  3
call    7 never executed
        -:  120:    }
------------------
_ZSt10_ConstructINSt7__cxx1112basic_stringIcSt11char_traitsIcESaIcEEEJRKS5_EEvPT_DpOT0_:
function _ZSt10_ConstructINSt7__cxx1112basic_stringIcSt11char_traitsIcESaIcEEEJRKS5_EEvPT_DpOT0_ called 2355 returned 100% blocks executed 62%
     2355:  109:    _Construct(_Tp* __p, _Args&&... __args)
        -:  110:    {
        -:  111:#if __cplusplus >= 202002L
     2355:  112:      if (std::__is_constant_evaluated())
     2355:  112-block  0
call    0 returned 2355
branch  1 taken 0 (fallthrough)
branch  2 taken 2355
        -:  113:	{
        -:  114:	  // Allow std::_Construct to be used in constant expressions.
    #####:  115:	  std::construct_at(__p, std::forward<_Args>(__args)...);
    %%%%%:  115-block  0
call    0 never executed
call    1 never executed
    #####:  116:	  return;
        -:  117:	}
        -:  118:#endif
     2355:  119:      ::new((void*)__p) _Tp(std::forward<_Args>(__args)...);
     2355:  119-block  0
call    0 returned 2355
call    1 returned 2355
call    2 returned 2355
branch  3 taken 2355 (fallthrough)
branch  4 taken 0 (throw)
     2355:  119-block  1
    $$$$$:  119-block  2
branch  5 never executed (fallthrough)
branch  6 never executed
    $$$$$:  119-block  3
call    7 never executed
        -:  120:    }
------------------
_ZSt10_ConstructIN5Catch12ReporterSpecEJRKS1_EEvPT_DpOT0_:
function _ZSt10_ConstructIN5Catch12ReporterSpecEJRKS1_EEvPT_DpOT0_ called 1 returned 100% blocks executed 62%
        1:  109:    _Construct(_Tp* __p, _Args&&... __args)
        -:  110:    {
        -:  111:#if __cplusplus >= 202002L
        1:  112:      if (std::__is_constant_evaluated())
        1:  112-block  0
call    0 returned 1
branch  1 taken 0 (fallthrough)
branch  2 taken 1
        -:  113:	{
        -:  114:	  // Allow std::_Construct to be used in constant expressions.
    #####:  115:	  std::construct_at(__p, std::forward<_Args>(__args)...);
    %%%%%:  115-block  0
call    0 never executed
call    1 never executed
    #####:  116:	  return;
        -:  117:	}
        -:  118:#endif
        1:  119:      ::new((void*)__p) _Tp(std::forward<_Args>(__args)...);
        1:  119-block  0
call    0 returned 1
call    1 returned 1
call    2 returned 1
branch  3 taken 1 (fallthrough)
branch  4 taken 0 (throw)
        1:  119-block  1
    $$$$$:  119-block  2
branch  5 never executed (fallthrough)
branch  6 never executed
    $$$$$:  119-block  3
call    7 never executed
        -:  120:    }
------------------
_ZSt10_ConstructIN5Catch5Clara3ArgEJRS2_EEvPT_DpOT0_:
function _ZSt10_ConstructIN5Catch5Clara3ArgEJRS2_EEvPT_DpOT0_ called 0 returned 0% blocks executed 0%
    #####:  109:    _Construct(_Tp* __p, _Args&&... __args)
        -:  110:    {
        -:  111:#if __cplusplus >= 202002L
    #####:  112:      if (std::__is_constant_evaluated())
    %%%%%:  112-block  0
call    0 never executed
branch  1 never executed (fallthrough)
branch  2 never executed
        -:  113:	{
        -:  114:	  // Allow std::_Construct to be used in constant expressions.
    #####:  115:	  std::construct_at(__p, std::forward<_Args>(__args)...);
    %%%%%:  115-block  0
call    0 never executed
call    1 never executed
    #####:  116:	  return;
        -:  117:	}
        -:  118:#endif
    #####:  119:      ::new((void*)__p) _Tp(std::forward<_Args>(__args)...);
    %%%%%:  119-block  0
call    0 never executed
call    1 never executed
call    2 never executed
branch  3 never executed (fallthrough)
branch  4 never executed (throw)
    %%%%%:  119-block  1
    $$$$$:  119-block  2
branch  5 never executed (fallthrough)
branch  6 never executed
    $$$$$:  119-block  3
call    7 never executed
        -:  120:    }
------------------
_ZSt10_ConstructIN5Catch5Clara3OptEJRS2_EEvPT_DpOT0_:
function _ZSt10_ConstructIN5Catch5Clara3OptEJRS2_EEvPT_DpOT0_ called 0 returned 0% blocks executed 0%
    #####:  109:    _Construct(_Tp* __p, _Args&&... __args)
        -:  110:    {
        -:  111:#if __cplusplus >= 202002L
    #####:  112:      if (std::__is_constant_evaluated())
    %%%%%:  112-block  0
call    0 never executed
branch  1 never executed (fallthrough)
branch  2 never executed
        -:  113:	{
        -:  114:	  // Allow std::_Construct to be used in constant expressions.
    #####:  115:	  std::construct_at(__p, std::forward<_Args>(__args)...);
    %%%%%:  115-block  0
call    0 never executed
call    1 never executed
    #####:  116:	  return;
        -:  117:	}
        -:  118:#endif
    #####:  119:      ::new((void*)__p) _Tp(std::forward<_Args>(__args)...);
    %%%%%:  119-block  0
call    0 never executed
call    1 never executed
call    2 never executed
branch  3 never executed (fallthrough)
branch  4 never executed (throw)
    %%%%%:  119-block  1
    $$$$$:  119-block  2
branch  5 never executed (fallthrough)
branch  6 never executed
    $$$$$:  119-block  3
call    7 never executed
        -:  120:    }
------------------
_ZSt10_ConstructINSt7__cxx1112basic_stringIcSt11char_traitsIcESaIcEEEJRS5_EEvPT_DpOT0_:
function _ZSt10_ConstructINSt7__cxx1112basic_stringIcSt11char_traitsIcESaIcEEEJRS5_EEvPT_DpOT0_ called 0 returned 0% blocks executed 0%
    #####:  109:    _Construct(_Tp* __p, _Args&&... __args)
        -:  110:    {
        -:  111:#if __cplusplus >= 202002L
    #####:  112:      if (std::__is_constant_evaluated())
    %%%%%:  112-block  0
call    0 never executed
branch  1 never executed (fallthrough)
branch  2 never executed
        -:  113:	{
        -:  114:	  // Allow std::_Construct to be used in constant expressions.
    #####:  115:	  std::construct_at(__p, std::forward<_Args>(__args)...);
    %%%%%:  115-block  0
call    0 never executed
call    1 never executed
    #####:  116:	  return;
        -:  117:	}
        -:  118:#endif
    #####:  119:      ::new((void*)__p) _Tp(std::forward<_Args>(__args)...);
    %%%%%:  119-block  0
call    0 never executed
call    1 never executed
call    2 never executed
branch  3 never executed (fallthrough)
branch  4 never executed (throw)
    %%%%%:  119-block  1
    $$$$$:  119-block  2
branch  5 never executed (fallthrough)
branch  6 never executed
    $$$$$:  119-block  3
call    7 never executed
        -:  120:    }
------------------
_ZSt10_ConstructIN5Catch12ReporterSpecEJRS1_EEvPT_DpOT0_:
function _ZSt10_ConstructIN5Catch12ReporterSpecEJRS1_EEvPT_DpOT0_ called 0 returned 0% blocks executed 0%
    #####:  109:    _Construct(_Tp* __p, _Args&&... __args)
        -:  110:    {
        -:  111:#if __cplusplus >= 202002L
    #####:  112:      if (std::__is_constant_evaluated())
    %%%%%:  112-block  0
call    0 never executed
branch  1 never executed (fallthrough)
branch  2 never executed
        -:  113:	{
        -:  114:	  // Allow std::_Construct to be used in constant expressions.
    #####:  115:	  std::construct_at(__p, std::forward<_Args>(__args)...);
    %%%%%:  115-block  0
call    0 never executed
call    1 never executed
    #####:  116:	  return;
        -:  117:	}
        -:  118:#endif
    #####:  119:      ::new((void*)__p) _Tp(std::forward<_Args>(__args)...);
    %%%%%:  119-block  0
call    0 never executed
call    1 never executed
call    2 never executed
branch  3 never executed (fallthrough)
branch  4 never executed (throw)
    %%%%%:  119-block  1
    $$$$$:  119-block  2
branch  5 never executed (fallthrough)
branch  6 never executed
    $$$$$:  119-block  3
call    7 never executed
        -:  120:    }
------------------
        -:  121:#else
        -:  122:  template<typename _T1, typename _T2>
        -:  123:    inline void
        -:  124:    _Construct(_T1* __p, const _T2& __value)
        -:  125:    {
        -:  126:      // _GLIBCXX_RESOLVE_LIB_DEFECTS
        -:  127:      // 402. wrong new expression in [some_]allocator::construct
        -:  128:      ::new(static_cast<void*>(__p)) _T1(__value);
        -:  129:    }
        -:  130:#endif
        -:  131:
        -:  132:  template<typename _T1>
        -:  133:    inline void
        -:  134:    _Construct_novalue(_T1* __p)
        -:  135:    { ::new((void*)__p) _T1; }
        -:  136:
        -:  137:  template<typename _ForwardIterator>
        -:  138:    _GLIBCXX20_CONSTEXPR void
        -:  139:    _Destroy(_ForwardIterator __first, _ForwardIterator __last);
        -:  140:
        -:  141:  /**
        -:  142:   * Destroy the object pointed to by a pointer type.
        -:  143:   */
        -:  144:  template<typename _Tp>
        -:  145:    _GLIBCXX14_CONSTEXPR inline void
    4057*:  146:    _Destroy(_Tp* __pointer)
        -:  147:    {
        -:  148:#if __cplusplus > 201703L
    4057*:  149:      std::destroy_at(__pointer);
        -:  150:#else
        -:  151:      __pointer->~_Tp();
        -:  152:#endif
    4057*:  153:    }
------------------
_ZSt8_DestroyIPKN5Catch14TestCaseHandleEEvPT_:
function _ZSt8_DestroyIPKN5Catch14TestCaseHandleEEvPT_ called 0 returned 0% blocks executed 0%
    #####:  146:    _Destroy(_Tp* __pointer)
        -:  147:    {
        -:  148:#if __cplusplus > 201703L
    #####:  149:      std::destroy_at(__pointer);
    %%%%%:  149-block  0
call    0 never executed
        -:  150:#else
        -:  151:      __pointer->~_Tp();
        -:  152:#endif
    #####:  153:    }
------------------
_ZSt8_DestroyIN5Catch5Clara6Detail5TokenEEvPT_:
function _ZSt8_DestroyIN5Catch5Clara6Detail5TokenEEvPT_ called 302 returned 100% blocks executed 100%
      302:  146:    _Destroy(_Tp* __pointer)
        -:  147:    {
        -:  148:#if __cplusplus > 201703L
      302:  149:      std::destroy_at(__pointer);
      302:  149-block  0
call    0 returned 302
        -:  150:#else
        -:  151:      __pointer->~_Tp();
        -:  152:#endif
      302:  153:    }
------------------
_ZSt8_DestroyIN5Catch6Detail10unique_ptrINS0_14IEventListenerEEEEvPT_:
function _ZSt8_DestroyIN5Catch6Detail10unique_ptrINS0_14IEventListenerEEEEvPT_ called 0 returned 0% blocks executed 0%
    #####:  146:    _Destroy(_Tp* __pointer)
        -:  147:    {
        -:  148:#if __cplusplus > 201703L
    #####:  149:      std::destroy_at(__pointer);
    %%%%%:  149-block  0
call    0 never executed
        -:  150:#else
        -:  151:      __pointer->~_Tp();
        -:  152:#endif
    #####:  153:    }
------------------
_ZSt8_DestroyINSt7__cxx1112basic_stringIcSt11char_traitsIcESaIcEEEEvPT_:
function _ZSt8_DestroyINSt7__cxx1112basic_stringIcSt11char_traitsIcESaIcEEEEvPT_ called 2420 returned 100% blocks executed 100%
     2420:  146:    _Destroy(_Tp* __pointer)
        -:  147:    {
        -:  148:#if __cplusplus > 201703L
     2420:  149:      std::destroy_at(__pointer);
     2420:  149-block  0
call    0 returned 2420
        -:  150:#else
        -:  151:      __pointer->~_Tp();
        -:  152:#endif
     2420:  153:    }
------------------
_ZSt8_DestroyIN5Catch12ReporterSpecEEvPT_:
function _ZSt8_DestroyIN5Catch12ReporterSpecEEvPT_ called 2 returned 100% blocks executed 100%
        2:  146:    _Destroy(_Tp* __pointer)
        -:  147:    {
        -:  148:#if __cplusplus > 201703L
        2:  149:      std::destroy_at(__pointer);
        2:  149-block  0
call    0 returned 2
        -:  150:#else
        -:  151:      __pointer->~_Tp();
        -:  152:#endif
        2:  153:    }
------------------
_ZSt8_DestroyIN5Catch5Clara3ArgEEvPT_:
function _ZSt8_DestroyIN5Catch5Clara3ArgEEvPT_ called 2 returned 100% blocks executed 100%
        2:  146:    _Destroy(_Tp* __pointer)
        -:  147:    {
        -:  148:#if __cplusplus > 201703L
        2:  149:      std::destroy_at(__pointer);
        2:  149-block  0
call    0 returned 2
        -:  150:#else
        -:  151:      __pointer->~_Tp();
        -:  152:#endif
        2:  153:    }
------------------
_ZSt8_DestroyIN5Catch5Clara3OptEEvPT_:
function _ZSt8_DestroyIN5Catch5Clara3OptEEvPT_ called 1330 returned 100% blocks executed 100%
     1330:  146:    _Destroy(_Tp* __pointer)
        -:  147:    {
        -:  148:#if __cplusplus > 201703L
     1330:  149:      std::destroy_at(__pointer);
     1330:  149-block  0
call    0 returned 1330
        -:  150:#else
        -:  151:      __pointer->~_Tp();
        -:  152:#endif
     1330:  153:    }
------------------
_ZSt8_DestroyIN5Catch8TestSpec11FilterMatchEEvPT_:
function _ZSt8_DestroyIN5Catch8TestSpec11FilterMatchEEvPT_ called 1 returned 100% blocks executed 100%
        1:  146:    _Destroy(_Tp* __pointer)
        -:  147:    {
        -:  148:#if __cplusplus > 201703L
        1:  149:      std::destroy_at(__pointer);
        1:  149-block  0
call    0 returned 1
        -:  150:#else
        -:  151:      __pointer->~_Tp();
        -:  152:#endif
        1:  153:    }
------------------
        -:  154:
        -:  155:  template<bool>
        -:  156:    struct _Destroy_aux
        -:  157:    {
        -:  158:      template<typename _ForwardIterator>
        -:  159:	static _GLIBCXX20_CONSTEXPR void
    2438*:  160:	__destroy(_ForwardIterator __first, _ForwardIterator __last)
        -:  161:	{
    6492*:  162:	  for (; __first != __last; ++__first)
    4054*:  163:	    std::_Destroy(std::__addressof(*__first));
    2438*:  164:	}
------------------
_ZNSt12_Destroy_auxILb0EE9__destroyIPPKN5Catch14TestCaseHandleEEEvT_S7_:
function _ZNSt12_Destroy_auxILb0EE9__destroyIPPKN5Catch14TestCaseHandleEEEvT_S7_ called 0 returned 0% blocks executed 0%
    #####:  160:	__destroy(_ForwardIterator __first, _ForwardIterator __last)
        -:  161:	{
    #####:  162:	  for (; __first != __last; ++__first)
    %%%%%:  162-block  0
    %%%%%:  162-block  1
branch  0 never executed
branch  1 never executed (fallthrough)
    #####:  163:	    std::_Destroy(std::__addressof(*__first));
    %%%%%:  163-block  0
call    0 never executed
call    1 never executed
    #####:  164:	}
------------------
_ZNSt12_Destroy_auxILb0EE9__destroyIPN5Catch5Clara6Detail5TokenEEEvT_S7_:
function _ZNSt12_Destroy_auxILb0EE9__destroyIPN5Catch5Clara6Detail5TokenEEEvT_S7_ called 307 returned 100% blocks executed 100%
      307:  160:	__destroy(_ForwardIterator __first, _ForwardIterator __last)
        -:  161:	{
      609:  162:	  for (; __first != __last; ++__first)
      307:  162-block  0
      609:  162-block  1
branch  0 taken 302
branch  1 taken 307 (fallthrough)
      302:  163:	    std::_Destroy(std::__addressof(*__first));
      302:  163-block  0
call    0 returned 302
call    1 returned 302
      307:  164:	}
------------------
_ZNSt12_Destroy_auxILb0EE9__destroyIPN5Catch6Detail10unique_ptrINS2_14IEventListenerEEEEEvT_S8_:
function _ZNSt12_Destroy_auxILb0EE9__destroyIPN5Catch6Detail10unique_ptrINS2_14IEventListenerEEEEEvT_S8_ called 0 returned 0% blocks executed 0%
    #####:  160:	__destroy(_ForwardIterator __first, _ForwardIterator __last)
        -:  161:	{
    #####:  162:	  for (; __first != __last; ++__first)
    %%%%%:  162-block  0
    %%%%%:  162-block  1
branch  0 never executed
branch  1 never executed (fallthrough)
    #####:  163:	    std::_Destroy(std::__addressof(*__first));
    %%%%%:  163-block  0
call    0 never executed
call    1 never executed
    #####:  164:	}
------------------
_ZNSt12_Destroy_auxILb0EE9__destroyIN9__gnu_cxx17__normal_iteratorIPN5Catch5Clara3ArgESt6vectorIS6_SaIS6_EEEEEEvT_SC_:
function _ZNSt12_Destroy_auxILb0EE9__destroyIN9__gnu_cxx17__normal_iteratorIPN5Catch5Clara3ArgESt6vectorIS6_SaIS6_EEEEEEvT_SC_ called 0 returned 0% blocks executed 0%
    #####:  160:	__destroy(_ForwardIterator __first, _ForwardIterator __last)
        -:  161:	{
    #####:  162:	  for (; __first != __last; ++__first)
    %%%%%:  162-block  0
call    0 never executed
    %%%%%:  162-block  1
call    1 never executed
branch  2 never executed
branch  3 never executed (fallthrough)
    #####:  163:	    std::_Destroy(std::__addressof(*__first));
    %%%%%:  163-block  0
call    0 never executed
call    1 never executed
call    2 never executed
    #####:  164:	}
------------------
_ZNSt12_Destroy_auxILb0EE9__destroyIN9__gnu_cxx17__normal_iteratorIPN5Catch5Clara3OptESt6vectorIS6_SaIS6_EEEEEEvT_SC_:
function _ZNSt12_Destroy_auxILb0EE9__destroyIN9__gnu_cxx17__normal_iteratorIPN5Catch5Clara3OptESt6vectorIS6_SaIS6_EEEEEEvT_SC_ called 0 returned 0% blocks executed 0%
    #####:  160:	__destroy(_ForwardIterator __first, _ForwardIterator __last)
        -:  161:	{
    #####:  162:	  for (; __first != __last; ++__first)
    %%%%%:  162-block  0
call    0 never executed
    %%%%%:  162-block  1
call    1 never executed
branch  2 never executed
branch  3 never executed (fallthrough)
    #####:  163:	    std::_Destroy(std::__addressof(*__first));
    %%%%%:  163-block  0
call    0 never executed
call    1 never executed
call    2 never executed
    #####:  164:	}
------------------
_ZNSt12_Destroy_auxILb0EE9__destroyIN9__gnu_cxx17__normal_iteratorIPNSt7__cxx1112basic_stringIcSt11char_traitsIcESaIcEEESt6vectorIS9_SaIS9_EEEEEEvT_SF_:
function _ZNSt12_Destroy_auxILb0EE9__destroyIN9__gnu_cxx17__normal_iteratorIPNSt7__cxx1112basic_stringIcSt11char_traitsIcESaIcEEESt6vectorIS9_SaIS9_EEEEEEvT_SF_ called 0 returned 0% blocks executed 0%
    #####:  160:	__destroy(_ForwardIterator __first, _ForwardIterator __last)
        -:  161:	{
    #####:  162:	  for (; __first != __last; ++__first)
    %%%%%:  162-block  0
call    0 never executed
    %%%%%:  162-block  1
call    1 never executed
branch  2 never executed
branch  3 never executed (fallthrough)
    #####:  163:	    std::_Destroy(std::__addressof(*__first));
    %%%%%:  163-block  0
call    0 never executed
call    1 never executed
call    2 never executed
    #####:  164:	}
------------------
_ZNSt12_Destroy_auxILb0EE9__destroyIN9__gnu_cxx17__normal_iteratorIPN5Catch12ReporterSpecESt6vectorIS5_SaIS5_EEEEEEvT_SB_:
function _ZNSt12_Destroy_auxILb0EE9__destroyIN9__gnu_cxx17__normal_iteratorIPN5Catch12ReporterSpecESt6vectorIS5_SaIS5_EEEEEEvT_SB_ called 0 returned 0% blocks executed 0%
    #####:  160:	__destroy(_ForwardIterator __first, _ForwardIterator __last)
        -:  161:	{
    #####:  162:	  for (; __first != __last; ++__first)
    %%%%%:  162-block  0
call    0 never executed
    %%%%%:  162-block  1
call    1 never executed
branch  2 never executed
branch  3 never executed (fallthrough)
    #####:  163:	    std::_Destroy(std::__addressof(*__first));
    %%%%%:  163-block  0
call    0 never executed
call    1 never executed
call    2 never executed
    #####:  164:	}
------------------
_ZNSt12_Destroy_auxILb0EE9__destroyIPNSt7__cxx1112basic_stringIcSt11char_traitsIcESaIcEEEEEvT_S9_:
function _ZNSt12_Destroy_auxILb0EE9__destroyIPNSt7__cxx1112basic_stringIcSt11char_traitsIcESaIcEEEEEvT_S9_ called 1971 returned 100% blocks executed 100%
     1971:  160:	__destroy(_ForwardIterator __first, _ForwardIterator __last)
        -:  161:	{
     4388:  162:	  for (; __first != __last; ++__first)
     1971:  162-block  0
     4388:  162-block  1
branch  0 taken 2417
branch  1 taken 1971 (fallthrough)
     2417:  163:	    std::_Destroy(std::__addressof(*__first));
     2417:  163-block  0
call    0 returned 2417
call    1 returned 2417
     1971:  164:	}
------------------
_ZNSt12_Destroy_auxILb0EE9__destroyIPN5Catch12ReporterSpecEEEvT_S5_:
function _ZNSt12_Destroy_auxILb0EE9__destroyIPN5Catch12ReporterSpecEEEvT_S5_ called 3 returned 100% blocks executed 100%
        3:  160:	__destroy(_ForwardIterator __first, _ForwardIterator __last)
        -:  161:	{
        5:  162:	  for (; __first != __last; ++__first)
        3:  162-block  0
        5:  162-block  1
branch  0 taken 2
branch  1 taken 3 (fallthrough)
        2:  163:	    std::_Destroy(std::__addressof(*__first));
        2:  163-block  0
call    0 returned 2
call    1 returned 2
        3:  164:	}
------------------
_ZNSt12_Destroy_auxILb0EE9__destroyIPN5Catch5Clara3ArgEEEvT_S6_:
function _ZNSt12_Destroy_auxILb0EE9__destroyIPN5Catch5Clara3ArgEEEvT_S6_ called 77 returned 100% blocks executed 100%
       77:  160:	__destroy(_ForwardIterator __first, _ForwardIterator __last)
        -:  161:	{
       79:  162:	  for (; __first != __last; ++__first)
       77:  162-block  0
       79:  162-block  1
branch  0 taken 2
branch  1 taken 77 (fallthrough)
        2:  163:	    std::_Destroy(std::__addressof(*__first));
        2:  163-block  0
call    0 returned 2
call    1 returned 2
       77:  164:	}
------------------
_ZNSt12_Destroy_auxILb0EE9__destroyIPN5Catch5Clara3OptEEEvT_S6_:
function _ZNSt12_Destroy_auxILb0EE9__destroyIPN5Catch5Clara3OptEEEvT_S6_ called 77 returned 100% blocks executed 100%
       77:  160:	__destroy(_ForwardIterator __first, _ForwardIterator __last)
        -:  161:	{
     1407:  162:	  for (; __first != __last; ++__first)
       77:  162-block  0
     1407:  162-block  1
branch  0 taken 1330
branch  1 taken 77 (fallthrough)
     1330:  163:	    std::_Destroy(std::__addressof(*__first));
     1330:  163-block  0
call    0 returned 1330
call    1 returned 1330
       77:  164:	}
------------------
_ZNSt12_Destroy_auxILb0EE9__destroyIPN5Catch8TestSpec11FilterMatchEEEvT_S6_:
function _ZNSt12_Destroy_auxILb0EE9__destroyIPN5Catch8TestSpec11FilterMatchEEEvT_S6_ called 3 returned 100% blocks executed 100%
        3:  160:	__destroy(_ForwardIterator __first, _ForwardIterator __last)
        -:  161:	{
        4:  162:	  for (; __first != __last; ++__first)
        3:  162-block  0
        4:  162-block  1
branch  0 taken 1
branch  1 taken 3 (fallthrough)
        1:  163:	    std::_Destroy(std::__addressof(*__first));
        1:  163-block  0
call    0 returned 1
call    1 returned 1
        3:  164:	}
------------------
        -:  165:    };
        -:  166:
        -:  167:  template<>
        -:  168:    struct _Destroy_aux<true>
        -:  169:    {
        -:  170:      template<typename _ForwardIterator>
        -:  171:        static void
function _ZNSt12_Destroy_auxILb1EE9__destroyIPPKN5Catch14TestCaseHandleEEEvT_S7_ called 3 returned 100% blocks executed 100%
        3:  172:        __destroy(_ForwardIterator, _ForwardIterator) { }
        -:  173:    };
        -:  174:
        -:  175:  /**
        -:  176:   * Destroy a range of objects.  If the value_type of the object has
        -:  177:   * a trivial destructor, the compiler should optimize all of this
        -:  178:   * away, otherwise the objects' destructors must be invoked.
        -:  179:   */
        -:  180:  template<typename _ForwardIterator>
        -:  181:    _GLIBCXX20_CONSTEXPR inline void
    2441*:  182:    _Destroy(_ForwardIterator __first, _ForwardIterator __last)
        -:  183:    {
        -:  184:      typedef typename iterator_traits<_ForwardIterator>::value_type
        -:  185:                       _Value_type;
        -:  186:#if __cplusplus >= 201103L
        -:  187:      // A deleted destructor is trivial, this ensures we reject such types:
        -:  188:      static_assert(is_destructible<_Value_type>::value,
        -:  189:		    "value type is destructible");
        -:  190:#endif
        -:  191:#if __cplusplus >= 202002L
    2441*:  192:      if (std::__is_constant_evaluated())
    #####:  193:	return _Destroy_aux<false>::__destroy(__first, __last);
        -:  194:#endif
        -:  195:      std::_Destroy_aux<__has_trivial_destructor(_Value_type)>::
    2441*:  196:	__destroy(__first, __last);
        -:  197:    }
        -:  198:
        -:  199:  template<bool>
        -:  200:    struct _Destroy_n_aux
        -:  201:    {
        -:  202:      template<typename _ForwardIterator, typename _Size>
        -:  203:	static _GLIBCXX20_CONSTEXPR _ForwardIterator
        -:  204:	__destroy_n(_ForwardIterator __first, _Size __count)
        -:  205:	{
        -:  206:	  for (; __count > 0; (void)++__first, --__count)
        -:  207:	    std::_Destroy(std::__addressof(*__first));
        -:  208:	  return __first;
        -:  209:	}
        -:  210:    };
        -:  211:
        -:  212:  template<>
        -:  213:    struct _Destroy_n_aux<true>
        -:  214:    {
        -:  215:      template<typename _ForwardIterator, typename _Size>
        -:  216:        static _ForwardIterator
        -:  217:        __destroy_n(_ForwardIterator __first, _Size __count)
        -:  218:	{
        -:  219:	  std::advance(__first, __count);
        -:  220:	  return __first;
        -:  221:	}
        -:  222:    };
        -:  223:
        -:  224:  /**
        -:  225:   * Destroy a range of objects.  If the value_type of the object has
        -:  226:   * a trivial destructor, the compiler should optimize all of this
        -:  227:   * away, otherwise the objects' destructors must be invoked.
        -:  228:   */
        -:  229:  template<typename _ForwardIterator, typename _Size>
        -:  230:    _GLIBCXX20_CONSTEXPR inline _ForwardIterator
        -:  231:    _Destroy_n(_ForwardIterator __first, _Size __count)
        -:  232:    {
        -:  233:      typedef typename iterator_traits<_ForwardIterator>::value_type
        -:  234:                       _Value_type;
        -:  235:#if __cplusplus >= 201103L
        -:  236:      // A deleted destructor is trivial, this ensures we reject such types:
        -:  237:      static_assert(is_destructible<_Value_type>::value,
        -:  238:		    "value type is destructible");
        -:  239:#endif
        -:  240:#if __cplusplus >= 202002L
        -:  241:      if (std::__is_constant_evaluated())
        -:  242:	return _Destroy_n_aux<false>::__destroy_n(__first, __count);
        -:  243:#endif
        -:  244:      return std::_Destroy_n_aux<__has_trivial_destructor(_Value_type)>::
        -:  245:	__destroy_n(__first, __count);
        -:  246:    }
        -:  247:
        -:  248:#if __cplusplus >= 201703L
        -:  249:  template <typename _ForwardIterator>
        -:  250:    _GLIBCXX20_CONSTEXPR inline void
        -:  251:    destroy(_ForwardIterator __first, _ForwardIterator __last)
        -:  252:    {
        -:  253:      std::_Destroy(__first, __last);
        -:  254:    }
        -:  255:
        -:  256:  template <typename _ForwardIterator, typename _Size>
        -:  257:    _GLIBCXX20_CONSTEXPR inline _ForwardIterator
        -:  258:    destroy_n(_ForwardIterator __first, _Size __count)
        -:  259:    {
        -:  260:      return std::_Destroy_n(__first, __count);
        -:  261:    }
        -:  262:#endif // C++17
        -:  263:
        -:  264:_GLIBCXX_END_NAMESPACE_VERSION
        -:  265:} // namespace std
        -:  266:
        -:  267:#endif /* _STL_CONSTRUCT_H */
