        -:    0:Source:C:/Users/Aaron/CLionProjects/SolidBankCLI/src/main.cpp
        -:    0:Graph:C:\Users\Aaron\CLionProjects\SolidBankCLI\cmake-build-debug\CMakeFiles\SolidBankTests.dir\src\main.cpp.gcno
        -:    0:Data:C:\Users\Aaron\CLionProjects\SolidBankCLI\cmake-build-debug\CMakeFiles\SolidBankTests.dir\src\main.cpp.gcda
        -:    0:Runs:1
        -:    1://
        -:    2://  // Copyright © 2025 Aaron Steven Grincewicz
        -:    3://  // All rights reserved.
        -:    4://  // Unauthorized use, modification, or redistribution is prohibited.
        -:    5://  /
        -:    6:
        -:    7:#include <iostream>
        -:    8:#include "bank.h"
        -:    9:
function main called 1 returned 100% blocks executed 100%
        1:   10:int main() {
        1:   11:    Bank bank;
        1:   11-block  0
call    0 returned 1
branch  1 taken 1 (fallthrough)
branch  2 taken 0 (throw)
        1:   12:    std::cout << "Welcome to SolidBankCLI\n";
        1:   12-block  0
call    0 returned 1
branch  1 taken 1 (fallthrough)
branch  2 taken 0 (throw)
        1:   13:    std::cout << "Current balance: $" << bank.getBalance() << "\n";
        1:   13-block  0
call    0 returned 1
branch  1 taken 1 (fallthrough)
branch  2 taken 0 (throw)
        1:   13-block  1
call    3 returned 1
branch  4 taken 1 (fallthrough)
branch  5 taken 0 (throw)
        1:   13-block  2
call    6 returned 1
branch  7 taken 1 (fallthrough)
branch  8 taken 0 (throw)
        1:   13-block  3
call    9 returned 1
branch 10 taken 1 (fallthrough)
branch 11 taken 0 (throw)
        1:   14:    return 0;
        1:   14-block  0
        -:   15:}
