        -:    0:Source:C:/Users/Aaron/CLionProjects/SolidBankCLI/tests/test_bank.cpp
        -:    0:Graph:C:\Users\Aaron\CLionProjects\SolidBankCLI\cmake-build-debug\CMakeFiles\SolidBankTests.dir\tests\test_bank.cpp.gcno
        -:    0:Data:C:\Users\Aaron\CLionProjects\SolidBankCLI\cmake-build-debug\CMakeFiles\SolidBankTests.dir\tests\test_bank.cpp.gcda
        -:    0:Runs:1
        -:    1://
        -:    2://  // Copyright © 2025 Aaron Steven Grincewicz
        -:    3://  // All rights reserved.
        -:    4://  // Unauthorized use, modification, or redistribution is prohibited.
        -:    5://  /
        -:    6:
        -:    7:// tests/test_bank.cpp
        -:    8:#include <catch2/catch_test_macros.hpp>
        -:    9:#include <catch2/catch_approx.hpp>
        -:   10:
        -:   11:#include "bank.h"
        -:   12:
        -:   13:/*
        -:   14:TEST_CASE("Bank initializes with zero balance", "[bank]") {
        -:   15:    Bank b;
        -:   16:    REQUIRE(b.getBalance() == Catch::Approx(0.0));
        -:   17:}*/
        -:   18:
function _ZL22CATCH2_INTERNAL_TEST_0v called 0 returned 0% blocks executed 0%
    #####:   19:TEST_CASE("Sanity check", "[basic]") {
    #####:   20:    REQUIRE(true);
    %%%%%:   20-block  0
call    0 never executed
call    1 never executed
call    2 never executed
call    3 never executed
branch  4 never executed (fallthrough)
branch  5 never executed (throw)
    %%%%%:   20-block  1
call    6 never executed
branch  7 never executed (fallthrough)
branch  8 never executed (throw)
    %%%%%:   20-block  2
call    9 never executed
branch 10 never executed (fallthrough)
branch 11 never executed (throw)
    %%%%%:   20-block  3
    %%%%%:   20-block  4
call   12 never executed
branch 13 never executed (fallthrough)
branch 14 never executed (throw)
    %%%%%:   20-block  5
call   15 never executed
    $$$$$:   20-block  6
    $$$$$:   20-block  7
    $$$$$:   20-block  8
    $$$$$:   20-block  9
    $$$$$:   20-block 10
call   16 never executed
call   17 never executed
branch 18 never executed (fallthrough)
branch 19 never executed (throw)
    $$$$$:   20-block 11
call   20 never executed
branch 21 never executed (fallthrough)
branch 22 never executed (throw)
    $$$$$:   20-block 12
call   23 never executed
    $$$$$:   20-block 13
call   24 never executed
    #####:   21:}
    %%%%%:   21-block  0
        -:   22:
