        -:    0:Source:C:/Users/Aaron/CLionProjects/SolidBankCLI/tests/test_bank.cpp
        -:    0:Graph:C:\Users\Aaron\CLionProjects\SolidBankCLI\cmake-build-debug\CMakeFiles\SolidBankTests.dir\tests\test_bank.cpp.gcno
        -:    0:Data:C:\Users\Aaron\CLionProjects\SolidBankCLI\cmake-build-debug\CMakeFiles\SolidBankTests.dir\tests\test_bank.cpp.gcda
        -:    0:Runs:1
        -:    1://
        -:    2://  // Copyright © 2025 Aaron Steven Grincewicz
        -:    3://  // All rights reserved.
        -:    4://  // Unauthorized use, modification, or redistribution is prohibited.
        -:    5://  /
        -:    6:
        -:    7:// tests/test_bank.cpp
        -:    8:#include <catch2/catch_test_macros.hpp>
        -:    9:#include "bank.h"
        -:   10:
function _ZL22CATCH2_INTERNAL_TEST_0v called 1 returned 100% blocks executed 50%
        1:   11:TEST_CASE("Bank initializes with zero balance", "[bank]") {
        1:   12:    Bank b;
        1:   12-block  0
call    0 returned 1
branch  1 taken 1 (fallthrough)
branch  2 taken 0 (throw)
        1:   13:    REQUIRE(b.getBalance() == 0);
        1:   13-block  0
call    0 returned 1
call    1 returned 1
call    2 returned 1
call    3 returned 1
branch  4 taken 1 (fallthrough)
branch  5 taken 0 (throw)
        1:   13-block  1
call    6 returned 1
branch  7 taken 1 (fallthrough)
branch  8 taken 0 (throw)
        1:   13-block  2
call    9 returned 1
branch 10 taken 1 (fallthrough)
branch 11 taken 0 (throw)
        1:   13-block  3
call   12 returned 1
branch 13 taken 1 (fallthrough)
branch 14 taken 0 (throw)
        1:   13-block  4
call   15 returned 1
branch 16 taken 1 (fallthrough)
branch 17 taken 0 (throw)
        1:   13-block  5
call   18 returned 1
        1:   13-block  6
call   19 returned 1
branch 20 taken 1 (fallthrough)
branch 21 taken 0 (throw)
        1:   13-block  7
call   22 returned 1
    $$$$$:   13-block  8
    $$$$$:   13-block  9
call   23 never executed
    $$$$$:   13-block 10
    $$$$$:   13-block 11
    $$$$$:   13-block 12
    $$$$$:   13-block 13
    $$$$$:   13-block 14
call   24 never executed
call   25 never executed
branch 26 never executed (fallthrough)
branch 27 never executed (throw)
    $$$$$:   13-block 15
call   28 never executed
branch 29 never executed (fallthrough)
branch 30 never executed (throw)
    $$$$$:   13-block 16
call   31 never executed
    $$$$$:   13-block 17
call   32 never executed
        1:   14:}
